<?xml version="1.0" encoding="utf-8"?><html><style type="text/css">.t0{color:#ff0000;}.t1{color:#808080;}.i0{display:inline-block;vertical-align:text-bottom;margin-right:2px;background:url('data:image/png;base64,iVBORw0KGgoAAAANSUhEUgAAABAAAAAQCAYAAAAf8/9hAAAAAXNSR0IArs4c6QAAAARnQU1BAACxjwv8YQUAAAAJcEhZcwAADsMAAA7DAcdvqGQAAAG1SURBVDhPrZM/a1NRGIefc++5OflT24BN7HaHhEvdHArJEMii+Bk6CCIoDm7uDm4KDv0GBYeCODk5tUKXtBTMYkQ5gULvIug1iCHVm+Prkhtigs2gDxw4vPze5xxezoF/RM0X2u22juP4tlKqISJbSiktIl3gyBiz2+v1vs/m/xBEUbTpnNtruNG1VjrkqjvHF+GjznOsi+wHK6fAtrW2syCIomizOE5PHvz4Urr589tUOksnKPE0Xxknyr/R7/ffAHhMru2c27uoGaCZDnk0+qSB52EYlgF8AK31nYYb3bt//nm+Z4GNX2MST6/aXHGcJMmBB6CUarTS4Xz2r7TSISLSnBZqtdrbgw0jZxVkGWcV5H3Vk3q9/pVsBkDeIFPhMnxARDQzgpOenwcgrqoLF8AH36CU6s4Kjo51cbJdziTbIRMYY3b3g5XTTlCazy5gfcOLXHkA7JAJJs9z+5lZH3d1Yb5nivUNjwtXcErdtdbGZO8AIEmS2FxeP3wdXLqeeHrVB9bE4ZTinc7zKrfGk0J1MPD0LWvty6xv4TOFYVgOguChiDSVUlsioicD6wA72cn/jd+rJ8WZcE9j5gAAAABJRU5ErkJggg==') no-repeat;width:16px;height:16px;background-size: 16px 16px;}</style><body /><div><div style="margin-left: 20px"><i class="i0"></i><span class="richText"><span>Caskr.Server.Tests</span></span> <span class="richText"><span>(30 tests)</span></span> <span class="richText"><span class="t0">Failed: 30 tests failed</span></span></div><div style="margin-left: 40px"><i class="i0"></i><span class="richText"><span>Caskr.Server.Tests</span></span> <span class="richText"><span>(30 tests)</span></span> <span class="richText"><span class="t0">Failed: 30 tests failed</span></span></div><div style="margin-left: 60px"><i class="i0"></i><span class="richText"><span>Services</span></span> <span class="richText"><span>(19 tests)</span></span> <span class="richText"><span class="t0">Failed: 19 tests failed</span></span></div><div style="margin-left: 80px"><i class="i0"></i><span class="richText"><span>CapacityAnalysisServiceTests</span></span> <span class="richText"><span>(4 tests)</span></span> <span class="richText"><span class="t0">Failed: One or more child tests failed: 4 tests failed</span></span></div><div style="margin-left: 100px"><i class="i0"></i><span class="richText"><span>CalculateUtilization_FullyBooked_ReturnsHighPercent</span></span> <span class="richText"><span class="t0">Failed: Assert.True() Failure</span></span><br /><span class="richText"><span class="t1">Xunit.Sdk.TrueException
Assert.True() Failure
Expected: True
Actual:   False
   at Caskr.Server.Tests.Services.CapacityAnalysisServiceTests.CalculateUtilization_FullyBooked_ReturnsHighPercent() in C:\Users\shaws\source\repos\Caskr\Caskr.Server.Tests\Services\CapacityAnalysisServiceTests.cs:line 158
   at Xunit.Sdk.TestInvoker`1.&lt;&gt;c__DisplayClass48_0.&lt;&lt;InvokeTestMethodAsync&gt;b__1&gt;d.MoveNext() in /_/src/xunit.execution/Sdk/Frameworks/Runners/TestInvoker.cs:line 264
--- End of stack trace from previous location ---
   at Xunit.Sdk.ExecutionTimer.AggregateAsync(Func`1 asyncAction) in /_/src/xunit.execution/Sdk/Frameworks/ExecutionTimer.cs:line 48
   at Xunit.Sdk.ExceptionAggregator.RunAsync(Func`1 code) in /_/src/xunit.core/Sdk/ExceptionAggregator.cs:line 90

</span></span></div><div style="margin-left: 100px"><i class="i0"></i><span class="richText"><span>CalculateUtilization_WithMaintenance_IncludesInCalculation</span></span> <span class="richText"><span class="t0">Failed: Assert.True() Failure</span></span><br /><span class="richText"><span class="t1">Xunit.Sdk.TrueException
Assert.True() Failure
Expected: True
Actual:   False
   at Caskr.Server.Tests.Services.CapacityAnalysisServiceTests.CalculateUtilization_WithMaintenance_IncludesInCalculation() in C:\Users\shaws\source\repos\Caskr\Caskr.Server.Tests\Services\CapacityAnalysisServiceTests.cs:line 179
   at Xunit.Sdk.TestInvoker`1.&lt;&gt;c__DisplayClass48_0.&lt;&lt;InvokeTestMethodAsync&gt;b__1&gt;d.MoveNext() in /_/src/xunit.execution/Sdk/Frameworks/Runners/TestInvoker.cs:line 264
--- End of stack trace from previous location ---
   at Xunit.Sdk.ExecutionTimer.AggregateAsync(Func`1 asyncAction) in /_/src/xunit.execution/Sdk/Frameworks/ExecutionTimer.cs:line 48
   at Xunit.Sdk.ExceptionAggregator.RunAsync(Func`1 code) in /_/src/xunit.core/Sdk/ExceptionAggregator.cs:line 90

</span></span></div><div style="margin-left: 100px"><i class="i0"></i><span class="richText"><span>GetCapacityOverview_GeneratesAlertsForHighUtilization</span></span> <span class="richText"><span class="t0">Failed: Assert.NotEmpty() Failure</span></span><br /><span class="richText"><span class="t1">Xunit.Sdk.NotEmptyException
Assert.NotEmpty() Failure
   at Caskr.Server.Tests.Services.CapacityAnalysisServiceTests.GetCapacityOverview_GeneratesAlertsForHighUtilization() in C:\Users\shaws\source\repos\Caskr\Caskr.Server.Tests\Services\CapacityAnalysisServiceTests.cs:line 585
   at Xunit.Sdk.TestInvoker`1.&lt;&gt;c__DisplayClass48_0.&lt;&lt;InvokeTestMethodAsync&gt;b__1&gt;d.MoveNext() in /_/src/xunit.execution/Sdk/Frameworks/Runners/TestInvoker.cs:line 264
--- End of stack trace from previous location ---
   at Xunit.Sdk.ExecutionTimer.AggregateAsync(Func`1 asyncAction) in /_/src/xunit.execution/Sdk/Frameworks/ExecutionTimer.cs:line 48
   at Xunit.Sdk.ExceptionAggregator.RunAsync(Func`1 code) in /_/src/xunit.core/Sdk/ExceptionAggregator.cs:line 90

</span></span></div><div style="margin-left: 100px"><i class="i0"></i><span class="richText"><span>IdentifyBottlenecks_HighUtilization_ReturnsBottleneck</span></span> <span class="richText"><span class="t0">Failed: Assert.NotEmpty() Failure</span></span><br /><span class="richText"><span class="t1">Xunit.Sdk.NotEmptyException
Assert.NotEmpty() Failure
   at Caskr.Server.Tests.Services.CapacityAnalysisServiceTests.IdentifyBottlenecks_HighUtilization_ReturnsBottleneck() in C:\Users\shaws\source\repos\Caskr\Caskr.Server.Tests\Services\CapacityAnalysisServiceTests.cs:line 216
   at Xunit.Sdk.TestInvoker`1.&lt;&gt;c__DisplayClass48_0.&lt;&lt;InvokeTestMethodAsync&gt;b__1&gt;d.MoveNext() in /_/src/xunit.execution/Sdk/Frameworks/Runners/TestInvoker.cs:line 264
--- End of stack trace from previous location ---
   at Xunit.Sdk.ExecutionTimer.AggregateAsync(Func`1 asyncAction) in /_/src/xunit.execution/Sdk/Frameworks/ExecutionTimer.cs:line 48
   at Xunit.Sdk.ExceptionAggregator.RunAsync(Func`1 code) in /_/src/xunit.core/Sdk/ExceptionAggregator.cs:line 90

</span></span></div><div style="margin-left: 80px"><i class="i0"></i><span class="richText"><span>MobileDetectionServiceTests</span></span> <span class="richText"><span>(1 test)</span></span> <span class="richText"><span class="t0">Failed: One or more child tests failed: 1 test failed</span></span></div><div style="margin-left: 100px"><i class="i0"></i><span class="richText"><span>DetectDevice_MobileUserAgent_ReturnsCorrectDeviceType</span></span> <span class="richText"><span>(1 test)</span></span> <span class="richText"><span class="t0">Failed: One or more child tests failed: 1 test failed</span></span></div><div style="margin-left: 120px"><i class="i0"></i><span class="richText"><span>DetectDevice_MobileUserAgent_ReturnsCorrectDeviceType(userAgent: "Mozilla/5.0 (Windows Phone 10.0; Android 6.0.1; Mi"..., expectedDeviceName: "Windows Phone")</span></span> <span class="richText"><span class="t0">Failed: Assert.Equal() Failure</span></span><br /><span class="richText"><span class="t1">Xunit.Sdk.EqualException
Assert.Equal() Failure
          ↓ (pos 0)
Expected: Windows Phone
Actual:   Android Phone
          ↑ (pos 0)
   at Caskr.Server.Tests.Services.MobileDetectionServiceTests.DetectDevice_MobileUserAgent_ReturnsCorrectDeviceType(String userAgent, String expectedDeviceName) in C:\Users\shaws\source\repos\Caskr\Caskr.Server.Tests\Services\MobileDetectionServiceTests.cs:line 95
   at System.RuntimeMethodHandle.InvokeMethod(Object target, Void** arguments, Signature sig, Boolean isConstructor)
   at System.Reflection.MethodBaseInvoker.InvokeDirectByRefWithFewArgs(Object obj, Span`1 copyOfArgs, BindingFlags invokeAttr)

</span></span></div><div style="margin-left: 80px"><i class="i0"></i><span class="richText"><span>PricingAuditLoggerServiceTests</span></span> <span class="richText"><span>(7 tests)</span></span> <span class="richText"><span class="t0">Failed: One or more child tests failed: 7 tests failed</span></span></div><div style="margin-left: 100px"><i class="i0"></i><span class="richText"><span>GetAuditLogsAsync_CombinesFilters</span></span> <span class="richText"><span class="t0">Failed: The collection was expected to contain a single element, but it was empty.</span></span><br /><span class="richText"><span class="t1">Xunit.Sdk.SingleException
The collection was expected to contain a single element, but it was empty.
   at Caskr.Server.Tests.Services.PricingAuditLoggerServiceTests.GetAuditLogsAsync_CombinesFilters() in C:\Users\shaws\source\repos\Caskr\Caskr.Server.Tests\Services\PricingAuditLoggerServiceTests.cs:line 403
   at Xunit.Sdk.TestInvoker`1.&lt;&gt;c__DisplayClass48_0.&lt;&lt;InvokeTestMethodAsync&gt;b__1&gt;d.MoveNext() in /_/src/xunit.execution/Sdk/Frameworks/Runners/TestInvoker.cs:line 264
--- End of stack trace from previous location ---
   at Xunit.Sdk.ExecutionTimer.AggregateAsync(Func`1 asyncAction) in /_/src/xunit.execution/Sdk/Frameworks/ExecutionTimer.cs:line 48
   at Xunit.Sdk.ExceptionAggregator.RunAsync(Func`1 code) in /_/src/xunit.core/Sdk/ExceptionAggregator.cs:line 90

</span></span></div><div style="margin-left: 100px"><i class="i0"></i><span class="richText"><span>GetAuditLogsAsync_FiltersByDateRange</span></span> <span class="richText"><span class="t0">Failed: Assert.Equal() Failure</span></span><br /><span class="richText"><span class="t1">Xunit.Sdk.EqualException
Assert.Equal() Failure
Expected: 3
Actual:   0
   at Caskr.Server.Tests.Services.PricingAuditLoggerServiceTests.GetAuditLogsAsync_FiltersByDateRange() in C:\Users\shaws\source\repos\Caskr\Caskr.Server.Tests\Services\PricingAuditLoggerServiceTests.cs:line 370
   at Xunit.Sdk.TestInvoker`1.&lt;&gt;c__DisplayClass48_0.&lt;&lt;InvokeTestMethodAsync&gt;b__1&gt;d.MoveNext() in /_/src/xunit.execution/Sdk/Frameworks/Runners/TestInvoker.cs:line 264
--- End of stack trace from previous location ---
   at Xunit.Sdk.ExecutionTimer.AggregateAsync(Func`1 asyncAction) in /_/src/xunit.execution/Sdk/Frameworks/ExecutionTimer.cs:line 48
   at Xunit.Sdk.ExceptionAggregator.RunAsync(Func`1 code) in /_/src/xunit.core/Sdk/ExceptionAggregator.cs:line 90

</span></span></div><div style="margin-left: 100px"><i class="i0"></i><span class="richText"><span>GetAuditLogsAsync_FiltersByEntityId</span></span> <span class="richText"><span class="t0">Failed: Assert.Equal() Failure</span></span><br /><span class="richText"><span class="t1">Xunit.Sdk.EqualException
Assert.Equal() Failure
Expected: 2
Actual:   0
   at Caskr.Server.Tests.Services.PricingAuditLoggerServiceTests.GetAuditLogsAsync_FiltersByEntityId() in C:\Users\shaws\source\repos\Caskr\Caskr.Server.Tests\Services\PricingAuditLoggerServiceTests.cs:line 357
   at Xunit.Sdk.TestInvoker`1.&lt;&gt;c__DisplayClass48_0.&lt;&lt;InvokeTestMethodAsync&gt;b__1&gt;d.MoveNext() in /_/src/xunit.execution/Sdk/Frameworks/Runners/TestInvoker.cs:line 264
--- End of stack trace from previous location ---
   at Xunit.Sdk.ExecutionTimer.AggregateAsync(Func`1 asyncAction) in /_/src/xunit.execution/Sdk/Frameworks/ExecutionTimer.cs:line 48
   at Xunit.Sdk.ExceptionAggregator.RunAsync(Func`1 code) in /_/src/xunit.core/Sdk/ExceptionAggregator.cs:line 90

</span></span></div><div style="margin-left: 100px"><i class="i0"></i><span class="richText"><span>GetAuditLogsAsync_FiltersByEntityType</span></span> <span class="richText"><span class="t0">Failed: Assert.Equal() Failure</span></span><br /><span class="richText"><span class="t1">Xunit.Sdk.EqualException
Assert.Equal() Failure
Expected: 2
Actual:   0
   at Caskr.Server.Tests.Services.PricingAuditLoggerServiceTests.GetAuditLogsAsync_FiltersByEntityType() in C:\Users\shaws\source\repos\Caskr\Caskr.Server.Tests\Services\PricingAuditLoggerServiceTests.cs:line 346
   at Xunit.Sdk.TestInvoker`1.&lt;&gt;c__DisplayClass48_0.&lt;&lt;InvokeTestMethodAsync&gt;b__1&gt;d.MoveNext() in /_/src/xunit.execution/Sdk/Frameworks/Runners/TestInvoker.cs:line 264
--- End of stack trace from previous location ---
   at Xunit.Sdk.ExecutionTimer.AggregateAsync(Func`1 asyncAction) in /_/src/xunit.execution/Sdk/Frameworks/ExecutionTimer.cs:line 48
   at Xunit.Sdk.ExceptionAggregator.RunAsync(Func`1 code) in /_/src/xunit.core/Sdk/ExceptionAggregator.cs:line 90

</span></span></div><div style="margin-left: 100px"><i class="i0"></i><span class="richText"><span>GetAuditLogsAsync_OrdersByTimestampDescending</span></span> <span class="richText"><span class="t0">Failed: System.ArgumentOutOfRangeException: Index was out of range. Must be non-negative and less than the size of the collection. (Parameter 'index')</span></span><br /><span class="richText"><span class="t1">System.ArgumentOutOfRangeException
Index was out of range. Must be non-negative and less than the size of the collection. (Parameter 'index')
   at System.Collections.Generic.List`1.get_Item(Int32 index)
   at Caskr.Server.Tests.Services.PricingAuditLoggerServiceTests.GetAuditLogsAsync_OrdersByTimestampDescending() in C:\Users\shaws\source\repos\Caskr\Caskr.Server.Tests\Services\PricingAuditLoggerServiceTests.cs:line 390
   at Xunit.Sdk.TestInvoker`1.&lt;&gt;c__DisplayClass48_0.&lt;&lt;InvokeTestMethodAsync&gt;b__1&gt;d.MoveNext() in /_/src/xunit.execution/Sdk/Frameworks/Runners/TestInvoker.cs:line 264
--- End of stack trace from previous location ---
   at Xunit.Sdk.ExecutionTimer.AggregateAsync(Func`1 asyncAction) in /_/src/xunit.execution/Sdk/Frameworks/ExecutionTimer.cs:line 48
   at Xunit.Sdk.ExceptionAggregator.RunAsync(Func`1 code) in /_/src/xunit.core/Sdk/ExceptionAggregator.cs:line 90

</span></span></div><div style="margin-left: 100px"><i class="i0"></i><span class="richText"><span>GetAuditLogsAsync_RespectsLimit</span></span> <span class="richText"><span class="t0">Failed: Assert.Equal() Failure</span></span><br /><span class="richText"><span class="t1">Xunit.Sdk.EqualException
Assert.Equal() Failure
Expected: 2
Actual:   0
   at Caskr.Server.Tests.Services.PricingAuditLoggerServiceTests.GetAuditLogsAsync_RespectsLimit() in C:\Users\shaws\source\repos\Caskr\Caskr.Server.Tests\Services\PricingAuditLoggerServiceTests.cs:line 380
   at Xunit.Sdk.TestInvoker`1.&lt;&gt;c__DisplayClass48_0.&lt;&lt;InvokeTestMethodAsync&gt;b__1&gt;d.MoveNext() in /_/src/xunit.execution/Sdk/Frameworks/Runners/TestInvoker.cs:line 264
--- End of stack trace from previous location ---
   at Xunit.Sdk.ExecutionTimer.AggregateAsync(Func`1 asyncAction) in /_/src/xunit.execution/Sdk/Frameworks/ExecutionTimer.cs:line 48
   at Xunit.Sdk.ExceptionAggregator.RunAsync(Func`1 code) in /_/src/xunit.core/Sdk/ExceptionAggregator.cs:line 90

</span></span></div><div style="margin-left: 100px"><i class="i0"></i><span class="richText"><span>GetAuditLogsAsync_ReturnsAllLogs</span></span> <span class="richText"><span class="t0">Failed: Assert.Equal() Failure</span></span><br /><span class="richText"><span class="t1">Xunit.Sdk.EqualException
Assert.Equal() Failure
Expected: 3
Actual:   0
   at Caskr.Server.Tests.Services.PricingAuditLoggerServiceTests.GetAuditLogsAsync_ReturnsAllLogs() in C:\Users\shaws\source\repos\Caskr\Caskr.Server.Tests\Services\PricingAuditLoggerServiceTests.cs:line 336
   at Xunit.Sdk.TestInvoker`1.&lt;&gt;c__DisplayClass48_0.&lt;&lt;InvokeTestMethodAsync&gt;b__1&gt;d.MoveNext() in /_/src/xunit.execution/Sdk/Frameworks/Runners/TestInvoker.cs:line 264
--- End of stack trace from previous location ---
   at Xunit.Sdk.ExecutionTimer.AggregateAsync(Func`1 asyncAction) in /_/src/xunit.execution/Sdk/Frameworks/ExecutionTimer.cs:line 48
   at Xunit.Sdk.ExceptionAggregator.RunAsync(Func`1 code) in /_/src/xunit.core/Sdk/ExceptionAggregator.cs:line 90

</span></span></div><div style="margin-left: 80px"><i class="i0"></i><span class="richText"><span>PushSenderServiceTests</span></span> <span class="richText"><span>(7 tests)</span></span> <span class="richText"><span class="t0">Failed: One or more child tests failed: 7 tests failed</span></span></div><div style="margin-left: 100px"><i class="i0"></i><span class="richText"><span>SendTestNotificationAsync_SuccessfulSend_ReturnsTrue</span></span> <span class="richText"><span class="t0">Failed: Assert.True() Failure</span></span><br /><span class="richText"><span class="t1">Xunit.Sdk.TrueException
Assert.True() Failure
Expected: True
Actual:   False
   at Caskr.Server.Tests.Services.PushSenderServiceTests.SendTestNotificationAsync_SuccessfulSend_ReturnsTrue() in C:\Users\shaws\source\repos\Caskr\Caskr.Server.Tests\Services\PushSenderServiceTests.cs:line 488
   at Xunit.Sdk.TestInvoker`1.&lt;&gt;c__DisplayClass48_0.&lt;&lt;InvokeTestMethodAsync&gt;b__1&gt;d.MoveNext() in /_/src/xunit.execution/Sdk/Frameworks/Runners/TestInvoker.cs:line 264
--- End of stack trace from previous location ---
   at Xunit.Sdk.ExecutionTimer.AggregateAsync(Func`1 asyncAction) in /_/src/xunit.execution/Sdk/Frameworks/ExecutionTimer.cs:line 48
   at Xunit.Sdk.ExceptionAggregator.RunAsync(Func`1 code) in /_/src/xunit.core/Sdk/ExceptionAggregator.cs:line 90

</span></span></div><div style="margin-left: 100px"><i class="i0"></i><span class="richText"><span>SendToSubscriptionAsync_410Gone_DeactivatesSubscription</span></span> <span class="richText"><span class="t0">Failed: Moq.MockException: </span></span><br /><span class="richText"><span class="t1">Moq.MockException

Expected invocation on the mock once, but was 0 times: s =&gt; s.DeactivateSubscriptionAsync(42)

Performed invocations:

   Mock&lt;IPushNotificationService:27&gt; (s):

      IPushNotificationService.MarkSubscriptionFailedAsync(42)

   at Moq.Mock.Verify(Mock mock, LambdaExpression expression, Times times, String failMessage) in /_/src/Moq/Mock.cs:line 332
   at Moq.Mock`1.Verify[TResult](Expression`1 expression, Func`1 times) in /_/src/Moq/Mock`1.cs:line 840
   at Caskr.Server.Tests.Services.PushSenderServiceTests.SendToSubscriptionAsync_410Gone_DeactivatesSubscription() in C:\Users\shaws\source\repos\Caskr\Caskr.Server.Tests\Services\PushSenderServiceTests.cs:line 357
   at Xunit.Sdk.TestInvoker`1.&lt;&gt;c__DisplayClass48_0.&lt;&lt;InvokeTestMethodAsync&gt;b__1&gt;d.MoveNext() in /_/src/xunit.execution/Sdk/Frameworks/Runners/TestInvoker.cs:line 264
--- End of stack trace from previous location ---
   at Xunit.Sdk.ExecutionTimer.AggregateAsync(Func`1 asyncAction) in /_/src/xunit.execution/Sdk/Frameworks/ExecutionTimer.cs:line 48
   at Xunit.Sdk.ExceptionAggregator.RunAsync(Func`1 code) in /_/src/xunit.core/Sdk/ExceptionAggregator.cs:line 90

</span></span></div><div style="margin-left: 100px"><i class="i0"></i><span class="richText"><span>SendToSubscriptionAsync_IncludesAllPayloadFields</span></span> <span class="richText"><span class="t0">Failed: Assert.NotNull() Failure</span></span><br /><span class="richText"><span class="t1">Xunit.Sdk.NotNullException
Assert.NotNull() Failure
   at Caskr.Server.Tests.Services.PushSenderServiceTests.SendToSubscriptionAsync_IncludesAllPayloadFields() in C:\Users\shaws\source\repos\Caskr\Caskr.Server.Tests\Services\PushSenderServiceTests.cs:line 566
   at Xunit.Sdk.TestInvoker`1.&lt;&gt;c__DisplayClass48_0.&lt;&lt;InvokeTestMethodAsync&gt;b__1&gt;d.MoveNext() in /_/src/xunit.execution/Sdk/Frameworks/Runners/TestInvoker.cs:line 264
--- End of stack trace from previous location ---
   at Xunit.Sdk.ExecutionTimer.AggregateAsync(Func`1 asyncAction) in /_/src/xunit.execution/Sdk/Frameworks/ExecutionTimer.cs:line 48
   at Xunit.Sdk.ExceptionAggregator.RunAsync(Func`1 code) in /_/src/xunit.core/Sdk/ExceptionAggregator.cs:line 90

</span></span></div><div style="margin-left: 100px"><i class="i0"></i><span class="richText"><span>SendToSubscriptionAsync_SetsCorrectHeaders</span></span> <span class="richText"><span class="t0">Failed: Assert.NotNull() Failure</span></span><br /><span class="richText"><span class="t1">Xunit.Sdk.NotNullException
Assert.NotNull() Failure
   at Caskr.Server.Tests.Services.PushSenderServiceTests.SendToSubscriptionAsync_SetsCorrectHeaders() in C:\Users\shaws\source\repos\Caskr\Caskr.Server.Tests\Services\PushSenderServiceTests.cs:line 608
   at Xunit.Sdk.TestInvoker`1.&lt;&gt;c__DisplayClass48_0.&lt;&lt;InvokeTestMethodAsync&gt;b__1&gt;d.MoveNext() in /_/src/xunit.execution/Sdk/Frameworks/Runners/TestInvoker.cs:line 264
--- End of stack trace from previous location ---
   at Xunit.Sdk.ExecutionTimer.AggregateAsync(Func`1 asyncAction) in /_/src/xunit.execution/Sdk/Frameworks/ExecutionTimer.cs:line 48
   at Xunit.Sdk.ExceptionAggregator.RunAsync(Func`1 code) in /_/src/xunit.core/Sdk/ExceptionAggregator.cs:line 90

</span></span></div><div style="margin-left: 100px"><i class="i0"></i><span class="richText"><span>SendToSubscriptionAsync_SuccessfulSend_MarksUsed</span></span> <span class="richText"><span class="t0">Failed: Assert.True() Failure</span></span><br /><span class="richText"><span class="t1">Xunit.Sdk.TrueException
Assert.True() Failure
Expected: True
Actual:   False
   at Caskr.Server.Tests.Services.PushSenderServiceTests.SendToSubscriptionAsync_SuccessfulSend_MarksUsed() in C:\Users\shaws\source\repos\Caskr\Caskr.Server.Tests\Services\PushSenderServiceTests.cs:line 315
   at Xunit.Sdk.TestInvoker`1.&lt;&gt;c__DisplayClass48_0.&lt;&lt;InvokeTestMethodAsync&gt;b__1&gt;d.MoveNext() in /_/src/xunit.execution/Sdk/Frameworks/Runners/TestInvoker.cs:line 264
--- End of stack trace from previous location ---
   at Xunit.Sdk.ExecutionTimer.AggregateAsync(Func`1 asyncAction) in /_/src/xunit.execution/Sdk/Frameworks/ExecutionTimer.cs:line 48
   at Xunit.Sdk.ExceptionAggregator.RunAsync(Func`1 code) in /_/src/xunit.core/Sdk/ExceptionAggregator.cs:line 90

</span></span></div><div style="margin-left: 100px"><i class="i0"></i><span class="richText"><span>SendToUserAsync_MultipleSubscriptions_SendsToAll</span></span> <span class="richText"><span class="t0">Failed: Assert.Equal() Failure</span></span><br /><span class="richText"><span class="t1">Xunit.Sdk.EqualException
Assert.Equal() Failure
Expected: 2
Actual:   0
   at Caskr.Server.Tests.Services.PushSenderServiceTests.SendToUserAsync_MultipleSubscriptions_SendsToAll() in C:\Users\shaws\source\repos\Caskr\Caskr.Server.Tests\Services\PushSenderServiceTests.cs:line 168
   at Xunit.Sdk.TestInvoker`1.&lt;&gt;c__DisplayClass48_0.&lt;&lt;InvokeTestMethodAsync&gt;b__1&gt;d.MoveNext() in /_/src/xunit.execution/Sdk/Frameworks/Runners/TestInvoker.cs:line 264
--- End of stack trace from previous location ---
   at Xunit.Sdk.ExecutionTimer.AggregateAsync(Func`1 asyncAction) in /_/src/xunit.execution/Sdk/Frameworks/ExecutionTimer.cs:line 48
   at Xunit.Sdk.ExceptionAggregator.RunAsync(Func`1 code) in /_/src/xunit.core/Sdk/ExceptionAggregator.cs:line 90

</span></span></div><div style="margin-left: 100px"><i class="i0"></i><span class="richText"><span>SendToUsersAsync_MultipleUsers_SendsToAll</span></span> <span class="richText"><span class="t0">Failed: Assert.Equal() Failure</span></span><br /><span class="richText"><span class="t1">Xunit.Sdk.EqualException
Assert.Equal() Failure
Expected: 3
Actual:   0
   at Caskr.Server.Tests.Services.PushSenderServiceTests.SendToUsersAsync_MultipleUsers_SendsToAll() in C:\Users\shaws\source\repos\Caskr\Caskr.Server.Tests\Services\PushSenderServiceTests.cs:line 225
   at Xunit.Sdk.TestInvoker`1.&lt;&gt;c__DisplayClass48_0.&lt;&lt;InvokeTestMethodAsync&gt;b__1&gt;d.MoveNext() in /_/src/xunit.execution/Sdk/Frameworks/Runners/TestInvoker.cs:line 264
--- End of stack trace from previous location ---
   at Xunit.Sdk.ExecutionTimer.AggregateAsync(Func`1 asyncAction) in /_/src/xunit.execution/Sdk/Frameworks/ExecutionTimer.cs:line 48
   at Xunit.Sdk.ExceptionAggregator.RunAsync(Func`1 code) in /_/src/xunit.core/Sdk/ExceptionAggregator.cs:line 90

</span></span></div><div style="margin-left: 60px"><i class="i0"></i><span class="richText"><span>BinderTests</span></span> <span class="richText"><span>(1 test)</span></span> <span class="richText"><span class="t0">Failed: One or more child tests failed: 1 test failed</span></span></div><div style="margin-left: 80px"><i class="i0"></i><span class="richText"><span>BindServicesRegistersTypicalDependencies</span></span> <span class="richText"><span class="t0">Failed: System.Exception: Type PdfFormHelper does not implement any interfaces.</span></span><br /><span class="richText"><span class="t1">System.Exception
Type PdfFormHelper does not implement any interfaces.
   at Caskr.server.Binder.BindServices(IServiceCollection services, IConfiguration configuration) in C:\Users\shaws\source\repos\Caskr\Caskr.Server\Binder.cs:line 35
   at Caskr.Server.Tests.BinderTests.BindServicesRegistersTypicalDependencies() in C:\Users\shaws\source\repos\Caskr\Caskr.Server.Tests\BinderTests.cs:line 18
   at System.RuntimeMethodHandle.InvokeMethod(Object target, Void** arguments, Signature sig, Boolean isConstructor)
   at System.Reflection.MethodBaseInvoker.InvokeWithNoArgs(Object obj, BindingFlags invokeAttr)

</span></span></div><div style="margin-left: 60px"><i class="i0"></i><span class="richText"><span>TtbFormTypeSerializationTests</span></span> <span class="richText"><span>(1 test)</span></span> <span class="richText"><span class="t0">Failed: One or more child tests failed: 1 test failed</span></span></div><div style="margin-left: 80px"><i class="i0"></i><span class="richText"><span>FormType_DeserializesNumericValues_ForGenerationRequests</span></span> <span class="richText"><span class="t0">Failed: Assert.Equal() Failure</span></span><br /><span class="richText"><span class="t1">Xunit.Sdk.EqualException
Assert.Equal() Failure
Expected: Form5110_40
Actual:   Form5110_28
   at Caskr.Server.Tests.TtbFormTypeSerializationTests.FormType_DeserializesNumericValues_ForGenerationRequests() in C:\Users\shaws\source\repos\Caskr\Caskr.Server.Tests\TtbFormTypeSerializationTests.cs:line 38
   at System.RuntimeMethodHandle.InvokeMethod(Object target, Void** arguments, Signature sig, Boolean isConstructor)
   at System.Reflection.MethodBaseInvoker.InvokeWithNoArgs(Object obj, BindingFlags invokeAttr)

</span></span></div><div style="margin-left: 60px"><i class="i0"></i><span class="richText"><span>TtbReportCalculatorServiceTests</span></span> <span class="richText"><span>(1 test)</span></span> <span class="richText"><span class="t0">Failed: One or more child tests failed: 1 test failed</span></span></div><div style="margin-left: 80px"><i class="i0"></i><span class="richText"><span>CalculateMonthlyReportAsync_ValidationFails_WhenInventoryReconciliationFails</span></span> <span class="richText"><span class="t0">Failed: Assert.False() Failure</span></span><br /><span class="richText"><span class="t1">Xunit.Sdk.FalseException
Assert.False() Failure
Expected: False
Actual:   True
   at Caskr.Server.Tests.TtbReportCalculatorServiceTests.CalculateMonthlyReportAsync_ValidationFails_WhenInventoryReconciliationFails() in C:\Users\shaws\source\repos\Caskr\Caskr.Server.Tests\TtbReportCalculatorServiceTests.cs:line 570
   at Xunit.Sdk.TestInvoker`1.&lt;&gt;c__DisplayClass48_0.&lt;&lt;InvokeTestMethodAsync&gt;b__1&gt;d.MoveNext() in /_/src/xunit.execution/Sdk/Frameworks/Runners/TestInvoker.cs:line 264
--- End of stack trace from previous location ---
   at Xunit.Sdk.ExecutionTimer.AggregateAsync(Func`1 asyncAction) in /_/src/xunit.execution/Sdk/Frameworks/ExecutionTimer.cs:line 48
   at Xunit.Sdk.ExceptionAggregator.RunAsync(Func`1 code) in /_/src/xunit.core/Sdk/ExceptionAggregator.cs:line 90

</span></span></div><div style="margin-left: 60px"><i class="i0"></i><span class="richText"><span>TtbTransactionsControllerTests</span></span> <span class="richText"><span>(8 tests)</span></span> <span class="richText"><span class="t0">Failed: One or more child tests failed: 8 tests failed</span></span></div><div style="margin-left: 80px"><i class="i0"></i><span class="richText"><span>Create_WhenMonthIsLocked_ReturnsForbidden</span></span> <span class="richText"><span class="t0">Failed: Assert.IsType() Failure</span></span><br /><span class="richText"><span class="t1">Xunit.Sdk.IsTypeException
Assert.IsType() Failure
Expected: Microsoft.AspNetCore.Mvc.ProblemDetails
Actual:   System.String
   at Caskr.Server.Tests.TtbTransactionsControllerTests.Create_WhenMonthIsLocked_ReturnsForbidden() in C:\Users\shaws\source\repos\Caskr\Caskr.Server.Tests\TtbTransactionsControllerTests.cs:line 520
   at Xunit.Sdk.TestInvoker`1.&lt;&gt;c__DisplayClass48_0.&lt;&lt;InvokeTestMethodAsync&gt;b__1&gt;d.MoveNext() in /_/src/xunit.execution/Sdk/Frameworks/Runners/TestInvoker.cs:line 264
--- End of stack trace from previous location ---
   at Xunit.Sdk.ExecutionTimer.AggregateAsync(Func`1 asyncAction) in /_/src/xunit.execution/Sdk/Frameworks/ExecutionTimer.cs:line 48
   at Xunit.Sdk.ExceptionAggregator.RunAsync(Func`1 code) in /_/src/xunit.core/Sdk/ExceptionAggregator.cs:line 90

</span></span></div><div style="margin-left: 80px"><i class="i0"></i><span class="richText"><span>Create_WithNegativeProofGallons_ReturnsBadRequest</span></span> <span class="richText"><span class="t0">Failed: Assert.IsType() Failure</span></span><br /><span class="richText"><span class="t1">Xunit.Sdk.IsTypeException
Assert.IsType() Failure
Expected: Microsoft.AspNetCore.Mvc.ProblemDetails
Actual:   System.String
   at Caskr.Server.Tests.TtbTransactionsControllerTests.Create_WithNegativeProofGallons_ReturnsBadRequest() in C:\Users\shaws\source\repos\Caskr\Caskr.Server.Tests\TtbTransactionsControllerTests.cs:line 251
   at Xunit.Sdk.TestInvoker`1.&lt;&gt;c__DisplayClass48_0.&lt;&lt;InvokeTestMethodAsync&gt;b__1&gt;d.MoveNext() in /_/src/xunit.execution/Sdk/Frameworks/Runners/TestInvoker.cs:line 264
--- End of stack trace from previous location ---
   at Xunit.Sdk.ExecutionTimer.AggregateAsync(Func`1 asyncAction) in /_/src/xunit.execution/Sdk/Frameworks/ExecutionTimer.cs:line 48
   at Xunit.Sdk.ExceptionAggregator.RunAsync(Func`1 code) in /_/src/xunit.core/Sdk/ExceptionAggregator.cs:line 90

</span></span></div><div style="margin-left: 80px"><i class="i0"></i><span class="richText"><span>Delete_WhenMonthIsLocked_ReturnsForbidden</span></span> <span class="richText"><span class="t0">Failed: Assert.IsType() Failure</span></span><br /><span class="richText"><span class="t1">Xunit.Sdk.IsTypeException
Assert.IsType() Failure
Expected: Microsoft.AspNetCore.Mvc.ProblemDetails
Actual:   System.String
   at Caskr.Server.Tests.TtbTransactionsControllerTests.Delete_WhenMonthIsLocked_ReturnsForbidden() in C:\Users\shaws\source\repos\Caskr\Caskr.Server.Tests\TtbTransactionsControllerTests.cs:line 593
   at Xunit.Sdk.TestInvoker`1.&lt;&gt;c__DisplayClass48_0.&lt;&lt;InvokeTestMethodAsync&gt;b__1&gt;d.MoveNext() in /_/src/xunit.execution/Sdk/Frameworks/Runners/TestInvoker.cs:line 264
--- End of stack trace from previous location ---
   at Xunit.Sdk.ExecutionTimer.AggregateAsync(Func`1 asyncAction) in /_/src/xunit.execution/Sdk/Frameworks/ExecutionTimer.cs:line 48
   at Xunit.Sdk.ExceptionAggregator.RunAsync(Func`1 code) in /_/src/xunit.core/Sdk/ExceptionAggregator.cs:line 90

</span></span></div><div style="margin-left: 80px"><i class="i0"></i><span class="richText"><span>Delete_WithAutoGeneratedTransaction_ReturnsBadRequest</span></span> <span class="richText"><span class="t0">Failed: Assert.IsType() Failure</span></span><br /><span class="richText"><span class="t1">Xunit.Sdk.IsTypeException
Assert.IsType() Failure
Expected: Microsoft.AspNetCore.Mvc.ProblemDetails
Actual:   System.String
   at Caskr.Server.Tests.TtbTransactionsControllerTests.Delete_WithAutoGeneratedTransaction_ReturnsBadRequest() in C:\Users\shaws\source\repos\Caskr\Caskr.Server.Tests\TtbTransactionsControllerTests.cs:line 476
   at Xunit.Sdk.TestInvoker`1.&lt;&gt;c__DisplayClass48_0.&lt;&lt;InvokeTestMethodAsync&gt;b__1&gt;d.MoveNext() in /_/src/xunit.execution/Sdk/Frameworks/Runners/TestInvoker.cs:line 264
--- End of stack trace from previous location ---
   at Xunit.Sdk.ExecutionTimer.AggregateAsync(Func`1 asyncAction) in /_/src/xunit.execution/Sdk/Frameworks/ExecutionTimer.cs:line 48
   at Xunit.Sdk.ExceptionAggregator.RunAsync(Func`1 code) in /_/src/xunit.core/Sdk/ExceptionAggregator.cs:line 90

</span></span></div><div style="margin-left: 80px"><i class="i0"></i><span class="richText"><span>List_WithInvalidMonth_ReturnsBadRequest</span></span> <span class="richText"><span class="t0">Failed: Assert.IsType() Failure</span></span><br /><span class="richText"><span class="t1">Xunit.Sdk.IsTypeException
Assert.IsType() Failure
Expected: Microsoft.AspNetCore.Mvc.ProblemDetails
Actual:   System.String
   at Caskr.Server.Tests.TtbTransactionsControllerTests.List_WithInvalidMonth_ReturnsBadRequest() in C:\Users\shaws\source\repos\Caskr\Caskr.Server.Tests\TtbTransactionsControllerTests.cs:line 159
   at Xunit.Sdk.TestInvoker`1.&lt;&gt;c__DisplayClass48_0.&lt;&lt;InvokeTestMethodAsync&gt;b__1&gt;d.MoveNext() in /_/src/xunit.execution/Sdk/Frameworks/Runners/TestInvoker.cs:line 264
--- End of stack trace from previous location ---
   at Xunit.Sdk.ExecutionTimer.AggregateAsync(Func`1 asyncAction) in /_/src/xunit.execution/Sdk/Frameworks/ExecutionTimer.cs:line 48
   at Xunit.Sdk.ExceptionAggregator.RunAsync(Func`1 code) in /_/src/xunit.core/Sdk/ExceptionAggregator.cs:line 90

</span></span></div><div style="margin-left: 80px"><i class="i0"></i><span class="richText"><span>List_WithYearBefore2020_ReturnsBadRequest</span></span> <span class="richText"><span class="t0">Failed: Assert.IsType() Failure</span></span><br /><span class="richText"><span class="t1">Xunit.Sdk.IsTypeException
Assert.IsType() Failure
Expected: Microsoft.AspNetCore.Mvc.ProblemDetails
Actual:   System.String
   at Caskr.Server.Tests.TtbTransactionsControllerTests.List_WithYearBefore2020_ReturnsBadRequest() in C:\Users\shaws\source\repos\Caskr\Caskr.Server.Tests\TtbTransactionsControllerTests.cs:line 174
   at Xunit.Sdk.TestInvoker`1.&lt;&gt;c__DisplayClass48_0.&lt;&lt;InvokeTestMethodAsync&gt;b__1&gt;d.MoveNext() in /_/src/xunit.execution/Sdk/Frameworks/Runners/TestInvoker.cs:line 264
--- End of stack trace from previous location ---
   at Xunit.Sdk.ExecutionTimer.AggregateAsync(Func`1 asyncAction) in /_/src/xunit.execution/Sdk/Frameworks/ExecutionTimer.cs:line 48
   at Xunit.Sdk.ExceptionAggregator.RunAsync(Func`1 code) in /_/src/xunit.core/Sdk/ExceptionAggregator.cs:line 90

</span></span></div><div style="margin-left: 80px"><i class="i0"></i><span class="richText"><span>Update_WhenMonthIsLocked_ReturnsForbidden</span></span> <span class="richText"><span class="t0">Failed: Assert.IsType() Failure</span></span><br /><span class="richText"><span class="t1">Xunit.Sdk.IsTypeException
Assert.IsType() Failure
Expected: Microsoft.AspNetCore.Mvc.ProblemDetails
Actual:   System.String
   at Caskr.Server.Tests.TtbTransactionsControllerTests.Update_WhenMonthIsLocked_ReturnsForbidden() in C:\Users\shaws\source\repos\Caskr\Caskr.Server.Tests\TtbTransactionsControllerTests.cs:line 562
   at Xunit.Sdk.TestInvoker`1.&lt;&gt;c__DisplayClass48_0.&lt;&lt;InvokeTestMethodAsync&gt;b__1&gt;d.MoveNext() in /_/src/xunit.execution/Sdk/Frameworks/Runners/TestInvoker.cs:line 264
--- End of stack trace from previous location ---
   at Xunit.Sdk.ExecutionTimer.AggregateAsync(Func`1 asyncAction) in /_/src/xunit.execution/Sdk/Frameworks/ExecutionTimer.cs:line 48
   at Xunit.Sdk.ExceptionAggregator.RunAsync(Func`1 code) in /_/src/xunit.core/Sdk/ExceptionAggregator.cs:line 90

</span></span></div><div style="margin-left: 80px"><i class="i0"></i><span class="richText"><span>Update_WithAutoGeneratedTransaction_ReturnsBadRequest</span></span> <span class="richText"><span class="t0">Failed: Assert.IsType() Failure</span></span><br /><span class="richText"><span class="t1">Xunit.Sdk.IsTypeException
Assert.IsType() Failure
Expected: Microsoft.AspNetCore.Mvc.ProblemDetails
Actual:   System.String
   at Caskr.Server.Tests.TtbTransactionsControllerTests.Update_WithAutoGeneratedTransaction_ReturnsBadRequest() in C:\Users\shaws\source\repos\Caskr\Caskr.Server.Tests\TtbTransactionsControllerTests.cs:line 412
   at Xunit.Sdk.TestInvoker`1.&lt;&gt;c__DisplayClass48_0.&lt;&lt;InvokeTestMethodAsync&gt;b__1&gt;d.MoveNext() in /_/src/xunit.execution/Sdk/Frameworks/Runners/TestInvoker.cs:line 264
--- End of stack trace from previous location ---
   at Xunit.Sdk.ExecutionTimer.AggregateAsync(Func`1 asyncAction) in /_/src/xunit.execution/Sdk/Frameworks/ExecutionTimer.cs:line 48
   at Xunit.Sdk.ExceptionAggregator.RunAsync(Func`1 code) in /_/src/xunit.core/Sdk/ExceptionAggregator.cs:line 90

</span></span></div></div></html>